2021-05-24 13:27:22,660 INFO hanterare [main] Starting
2021-05-24 13:27:34,691 DEBUG hanterare [main] id1=3110
2021-05-24 13:27:34,702 INFO hanterare [main] Starting
2021-05-24 13:27:59,575 DEBUG hanterare [main] id1=3110
2021-05-24 13:27:59,576 INFO hanterare [main] Starting
2021-05-24 13:28:09,622 DEBUG hanterare [main] id1=3110
2021-05-24 13:28:09,623 INFO hanterare [main] Starting
2021-05-24 13:28:41,096 DEBUG hanterare [main] id1=3110
2021-05-24 13:33:27,803 INFO hanterare [main] Starting
2021-05-24 13:33:33,794 DEBUG hanterare [main] valet=1153
2021-05-24 13:33:35,808 DEBUG hanterare [main] id1=3110
2021-05-24 13:33:35,818 INFO hanterare [main] Ended
2021-05-24 14:28:49,502 INFO hanterare [main] Starting
2021-05-24 14:52:15,533 INFO hanterare [main] Starting
2021-05-24 14:52:18,993 DEBUG hanterare [main] Anvandarnamn=User
2021-05-24 14:52:18,993 INFO hanterare [main] Ending
2021-05-24 14:54:59,975 INFO hanterare [main] Inlogging i system
2021-05-24 14:55:03,309 DEBUG hanterare [main] Anvandarnamn = User
2021-05-24 14:55:03,310 INFO hanterare [main] Avslut inloggning i systemet
2021-05-24 14:58:15,044 INFO hanterare [main] Inlogging i system
2021-05-24 14:58:18,449 DEBUG hanterare [main] Anvandarnamn = User
2021-05-24 14:58:18,449 INFO hanterare [main] Avslut inloggning i systemet
2021-05-24 15:02:50,804 INFO hanterare [main] Inlogging i system
2021-05-24 15:02:53,242 DEBUG hanterare [main] Anvandarnamn = User
2021-05-24 15:02:53,243 INFO hanterare [main] Avslut inloggning i systemet
2021-05-24 15:04:15,924 INFO hanterare [main] Inlogging i system
2021-05-24 15:04:18,220 DEBUG hanterare [main] Anvandarnamn = User
2021-05-24 15:04:18,220 INFO hanterare [main] Avslut inloggning i systemet
2021-05-24 15:04:19,615 INFO hanterare [main] Starting
2021-05-24 15:04:23,988 DEBUG hanterare [main] valet=1050
2021-05-24 15:04:26,883 DEBUG hanterare [main] id1=3110
2021-05-24 15:04:26,895 INFO hanterare [main] Ended
2021-05-24 15:04:44,484 INFO hanterare [main] Inlogging i system
2021-05-24 15:04:47,214 DEBUG hanterare [main] Anvandarnamn = User
2021-05-24 15:04:47,214 INFO hanterare [main] Avslut inloggning i systemet
2021-05-24 15:06:02,616 INFO hanterare [main] Inlogging i system
2021-05-24 15:06:16,910 DEBUG hanterare [main] Anvandarnamn = 3110
2021-05-24 15:06:34,385 INFO hanterare [main] Inlogging i system
2021-05-24 15:06:36,497 DEBUG hanterare [main] Anvandarnamn = User
2021-05-24 15:06:36,497 INFO hanterare [main] Avslut inloggning i systemet
2021-05-24 15:06:43,303 INFO hanterare [main] Starting
2021-05-24 15:06:47,038 DEBUG hanterare [main] valet=1153
2021-05-24 15:06:50,320 DEBUG hanterare [main] id1=1122
2021-05-24 15:06:50,330 INFO hanterare [main] Ended
2021-05-24 15:07:01,388 INFO hanterare [main] Inlogging i system
2021-05-24 15:07:03,539 DEBUG hanterare [main] Anvandarnamn = User
2021-05-24 15:07:03,539 INFO hanterare [main] Avslut inloggning i systemet
2021-05-24 15:10:10,619 INFO hanterare [main] Inlogging i system
2021-05-24 15:10:12,188 DEBUG hanterare [main] Anvandarnamn = User
2021-05-24 15:10:12,188 INFO hanterare [main] Avslut inloggning i systemet
2021-05-24 15:10:13,294 INFO hanterare [main] Starting
2021-05-24 15:10:16,257 DEBUG hanterare [main] valet=2355
2021-05-24 15:10:20,162 DEBUG hanterare [main] id1=1111
2021-05-24 15:10:20,172 INFO hanterare [main] Ended
2021-05-24 15:10:33,409 INFO hanterare [main] Inlogging i system
2021-05-24 15:10:35,800 DEBUG hanterare [main] Anvandarnamn = User
2021-05-24 15:10:35,801 INFO hanterare [main] Avslut inloggning i systemet
2021-05-24 15:11:06,786 INFO hanterare [main] Inlogging i system
2021-05-24 15:11:09,450 DEBUG hanterare [main] Anvandarnamn = User
2021-05-24 15:11:16,805 INFO hanterare [main] Inlogging i system
2021-05-24 15:11:20,690 DEBUG hanterare [main] Anvandarnamn = User
2021-05-24 15:11:20,690 INFO hanterare [main] Avslut inloggning i systemet
2021-05-24 15:11:23,563 INFO hanterare [main] Starting
2021-05-24 15:11:26,967 DEBUG hanterare [main] valet=1025
2021-05-24 15:11:30,512 DEBUG hanterare [main] id1=9999
2021-05-24 15:11:30,522 INFO hanterare [main] Ended
2021-05-24 15:11:39,625 INFO hanterare [main] Inlogging i system
2021-05-24 15:11:42,273 DEBUG hanterare [main] Anvandarnamn = User
2021-05-24 15:11:42,273 INFO hanterare [main] Avslut inloggning i systemet
2021-05-24 15:37:57,313 INFO hanterare [main] Inlogging i system
2021-05-24 15:37:59,851 DEBUG hanterare [main] Anvandarnamn = User
2021-05-24 15:37:59,851 INFO hanterare [main] Avslut inloggning i systemet
2021-05-24 15:38:01,167 INFO hanterare [main] Starting
2021-05-24 15:38:04,925 DEBUG hanterare [main] valet=1025
2021-05-24 15:38:06,467 DEBUG hanterare [main] id1=3110
2021-05-24 15:38:06,479 INFO hanterare [main] Ended
2021-05-24 15:40:16,890 INFO hanterare [main] Inlogging i system
2021-05-24 15:40:19,011 DEBUG hanterare [main] Anvandarnamn = User
2021-05-24 15:40:19,012 INFO hanterare [main] Avslut inloggning i systemet
2021-05-24 15:40:20,769 INFO hanterare [main] Starting
2021-05-24 15:40:42,992 DEBUG hanterare [main] valet=1603
2021-05-24 15:40:46,013 DEBUG hanterare [main] id1=3110
2021-05-24 15:40:46,029 INFO hanterare [main] Ended
2021-05-24 15:41:01,306 INFO hanterare [main] Inlogging i system
2021-05-24 15:41:03,035 DEBUG hanterare [main] Anvandarnamn = User
2021-05-24 15:41:03,035 INFO hanterare [main] Avslut inloggning i systemet
2021-05-24 15:42:26,222 INFO hanterare [main] Inlogging i system
2021-05-24 15:42:29,606 DEBUG hanterare [main] Anvandarnamn = User
2021-05-24 15:42:29,606 INFO hanterare [main] Avslut inloggning i systemet
2021-05-24 15:45:03,549 INFO hanterare [main] Inlogging i system
2021-05-24 15:45:07,121 DEBUG hanterare [main] Anvandarnamn = User
2021-05-24 15:45:07,122 INFO hanterare [main] Avslut inloggning i systemet
2021-05-24 15:45:32,802 INFO hanterare [main] Inlogging i system
2021-05-24 15:45:34,436 DEBUG hanterare [main] Anvandarnamn = User
2021-05-24 15:45:34,437 INFO hanterare [main] Avslut inloggning i systemet
2021-05-24 15:45:52,859 INFO hanterare [main] Inlogging i system
2021-05-24 15:45:54,686 DEBUG hanterare [main] Anvandarnamn = User
2021-05-24 15:45:54,687 INFO hanterare [main] Avslut inloggning i systemet
2021-05-24 15:45:56,520 INFO hanterare [main] Starting
2021-05-24 15:46:03,382 DEBUG hanterare [main] valet=9523
2021-05-24 15:46:04,701 DEBUG hanterare [main] id1=3110
2021-05-24 15:46:04,720 INFO hanterare [main] Ended
2021-05-24 15:46:19,125 INFO hanterare [main] Inlogging i system
2021-05-24 15:46:21,025 DEBUG hanterare [main] Anvandarnamn = User
2021-05-24 15:46:21,025 INFO hanterare [main] Avslut inloggning i systemet
2021-05-24 15:48:07,302 INFO hanterare [main] Inlogging i system
2021-05-24 15:48:11,130 DEBUG hanterare [main] Anvandarnamn = User
2021-05-24 15:48:11,130 INFO hanterare [main] Avslut inloggning i systemet
2021-05-24 15:52:29,651 INFO hanterare [main] Inlogging i system
2021-05-24 15:52:32,079 DEBUG hanterare [main] Anvandarnamn = User
2021-05-24 15:52:32,080 INFO hanterare [main] Avslut inloggning i systemet
2021-05-24 16:00:42,171 INFO hanterare [main] Inlogging i system
2021-05-24 16:00:44,548 DEBUG hanterare [main] Anvandarnamn = User
2021-05-24 16:00:44,548 INFO hanterare [main] Avslut inloggning i systemet
2021-05-24 16:05:10,525 INFO hanterare [main] Inlogging i system
2021-05-24 16:05:15,788 DEBUG hanterare [main] Anvandarnamn = User
2021-05-24 16:05:15,788 INFO hanterare [main] Avslut inloggning i systemet
2021-05-24 16:09:05,957 INFO hanterare [main] Inlogging i system
2021-05-24 16:09:10,618 DEBUG hanterare [main] Anvandarnamn = User
2021-05-24 16:09:10,618 INFO hanterare [main] Avslut inloggning i systemet
2021-05-24 17:16:04,283 INFO hanterare [main] Inlogging i system
2021-05-24 17:16:06,414 DEBUG hanterare [main] Anvandarnamn = User
2021-05-24 17:16:06,414 INFO hanterare [main] Avslut inloggning i systemet
2021-05-25 13:16:35,789 INFO hanterare [main] Inlogging i system
2021-05-25 13:16:38,018 DEBUG hanterare [main] Anvandarnamn = User
2021-05-25 13:16:38,018 INFO hanterare [main] Avslut inloggning i systemet
2021-05-25 13:16:40,156 INFO hanterare [main] Start: Låna bok
2021-05-25 13:16:45,652 DEBUG hanterare [main] LÅN: Låntagares ID= 3110
2021-05-25 13:20:07,523 INFO hanterare [main] Inlogging i system
2021-05-25 13:20:10,383 DEBUG hanterare [main] Anvandarnamn = User
2021-05-25 13:20:10,383 INFO hanterare [main] Avslut inloggning i systemet
2021-05-25 13:20:17,842 INFO hanterare [main] Starting
2021-05-25 13:20:24,972 DEBUG hanterare [main] LÅN: Bok-ID = 1619
2021-05-25 13:20:27,243 DEBUG hanterare [main] Låntagares ID = 3231
2021-05-25 13:20:27,254 INFO hanterare [main] Ended
2021-05-25 13:20:34,521 INFO hanterare [main] Inlogging i system
2021-05-25 13:20:37,513 DEBUG hanterare [main] Anvandarnamn = User
2021-05-25 13:20:37,513 INFO hanterare [main] Avslut inloggning i systemet
2021-05-25 13:20:39,353 INFO hanterare [main] Start: Lämna tillbaka bok
2021-05-25 13:20:53,827 DEBUG hanterare [main] Lämnatillbaka bok: Låntagares ID= 3231
2021-05-25 13:20:59,902 DEBUG hanterare [main] Lämnatillbaka bok: Bokens ID = 11619
2021-05-25 13:21:15,592 DEBUG hanterare [main] Lämnatillbaka bok: Antal dagar utlånad= 12
2021-05-25 13:21:15,592 INFO hanterare [main] Slut: Lämna tillbaka bok
2021-05-25 13:27:31,787 INFO hanterare [main] Start: Registrera användare
2021-05-25 13:27:34,432 DEBUG hanterare [main] Registrera användare. Förnamn =Anton
2021-05-25 13:27:35,934 DEBUG hanterare [main] Registrera användare. Efternamn =Johansson
2021-05-25 13:27:42,472 DEBUG hanterare [main] Registrera användare. Personnummer =19960331
2021-05-25 13:27:44,172 DEBUG hanterare [main] Registrera användare. Roll =2
2021-05-25 13:27:44,187 INFO hanterare [main] Slut: Registrera användare
2021-05-25 13:40:27,939 INFO hanterare [main] Inlogging i system 
2021-05-25 13:40:32,029 DEBUG hanterare [main] Anvandarnamn = User
2021-05-25 13:40:32,030 INFO hanterare [main] Avslut inloggning i systemet
2021-05-25 13:40:33,322 INFO hanterare [main] Starting
2021-05-25 13:40:44,785 DEBUG hanterare [main] LÅN: Bok-ID = 9523
2021-05-25 13:42:50,408 INFO hanterare [main] Inlogging i system 
2021-05-25 13:42:58,135 DEBUG hanterare [main] Anvandarnamn = User
2021-05-25 13:42:58,136 INFO hanterare [main] Avslut inloggning i systemet
2021-05-25 13:43:06,442 INFO hanterare [main] Starting
2021-05-25 13:43:11,189 DEBUG hanterare [main] LÅN: Bok-ID = 1153
2021-05-25 13:43:19,498 INFO hanterare [main] Ended
2021-05-25 13:43:30,598 INFO hanterare [main] Inlogging i system 
2021-05-25 13:43:33,375 DEBUG hanterare [main] Anvandarnamn = User
2021-05-25 13:43:33,375 INFO hanterare [main] Avslut inloggning i systemet
2021-05-25 13:43:34,411 INFO hanterare [main] Starting
2021-05-25 13:43:37,265 DEBUG hanterare [main] LÅN: Bok-ID = 1050
2021-05-25 13:43:38,232 DEBUG hanterare [main] Låntagares ID = 3110
2021-05-25 13:43:38,252 INFO hanterare [main] Ended
2021-05-26 09:24:32,771 INFO hanterare [main] Inlogging i system 
2021-05-26 09:24:36,220 DEBUG hanterare [main] Anvandarnamn = User
2021-05-26 09:24:36,220 INFO hanterare [main] Avslut inloggning i systemet
2021-05-26 09:24:37,754 INFO hanterare [main] Start: Lämna tillbaka bok
2021-05-26 09:24:39,222 DEBUG hanterare [main] Lämnatillbaka bok: Låntagares ID = 3110
2021-05-26 09:24:47,118 DEBUG hanterare [main] Lämnatillbaka bok: Bokens ID = 1050
2021-05-26 09:24:48,982 DEBUG hanterare [main] Lämnatillbaka bok: Antal dagar utlånad = 20
2021-05-26 09:24:48,994 INFO hanterare [main] Slut: Lämna tillbaka bok
2021-05-26 09:30:30,235 INFO hanterare [main] Inlogging i system 
2021-05-26 09:30:32,195 DEBUG hanterare [main] Anvandarnamn = User
2021-05-26 09:30:32,195 INFO hanterare [main] Avslut inloggning i systemet
2021-05-26 09:30:33,546 INFO hanterare [main] Start: Lämna tillbaka bok
2021-05-26 09:30:35,175 DEBUG hanterare [main] Lämnatillbaka bok: Låntagares ID = 3110
2021-05-26 09:31:22,937 INFO hanterare [main] Inlogging i system 
2021-05-26 09:31:25,709 DEBUG hanterare [main] Anvandarnamn = User
2021-05-26 09:31:25,709 INFO hanterare [main] Avslut inloggning i systemet
2021-05-26 09:31:29,686 INFO hanterare [main] Starting
2021-05-26 09:31:38,015 DEBUG hanterare [main] LÅN: Bok-ID = 1050
2021-05-26 09:31:42,937 DEBUG hanterare [main] Låntagares ID = 3110
2021-05-26 09:31:42,954 INFO hanterare [main] Ended
2021-05-26 09:31:53,147 INFO hanterare [main] Inlogging i system 
2021-05-26 09:31:57,272 DEBUG hanterare [main] Anvandarnamn = User
2021-05-26 09:31:57,273 INFO hanterare [main] Avslut inloggning i systemet
2021-05-26 09:32:12,712 INFO hanterare [main] Start: Lämna tillbaka bok
2021-05-26 09:32:15,737 DEBUG hanterare [main] Lämnatillbaka bok: Låntagares ID = 3110
2021-05-26 09:32:19,624 DEBUG hanterare [main] Lämnatillbaka bok: Bokens ID = 1050
2021-05-26 09:32:22,097 DEBUG hanterare [main] Lämnatillbaka bok: Antal dagar utlånad = 16
2021-05-26 09:32:22,109 INFO hanterare [main] Slut: Lämna tillbaka bok
2021-05-26 09:33:16,059 INFO hanterare [main] Inlogging i system 
2021-05-26 09:33:18,331 DEBUG hanterare [main] Anvandarnamn = User
2021-05-26 09:33:18,331 INFO hanterare [main] Avslut inloggning i systemet
2021-05-26 09:33:19,565 INFO hanterare [main] Starting
2021-05-26 09:33:21,417 DEBUG hanterare [main] LÅN: Bok-ID = 1050
2021-05-26 09:33:23,305 DEBUG hanterare [main] Låntagares ID = 3110
2021-05-26 09:33:23,321 INFO hanterare [main] Ended
2021-05-26 09:33:31,407 INFO hanterare [main] Inlogging i system 
2021-05-26 09:33:33,341 DEBUG hanterare [main] Anvandarnamn = User
2021-05-26 09:33:33,342 INFO hanterare [main] Avslut inloggning i systemet
2021-05-26 09:33:37,401 INFO hanterare [main] Start: Lämna tillbaka bok
2021-05-26 09:33:46,227 DEBUG hanterare [main] Lämnatillbaka bok: Låntagares ID = 3110
2021-05-26 09:33:48,203 DEBUG hanterare [main] Lämnatillbaka bok: Bokens ID = 1050
2021-05-26 09:33:50,026 DEBUG hanterare [main] Lämnatillbaka bok: Antal dagar utlånad = 20
2021-05-26 09:33:50,054 INFO hanterare [main] Slut: Lämna tillbaka bok
2021-05-26 09:41:40,845 INFO hanterare [main] Start: Registrera användare
2021-05-26 09:41:43,076 DEBUG hanterare [main] Registrera användare. Förnamn = Max
2021-05-26 09:41:45,830 DEBUG hanterare [main] Registrera användare. Efternamn = Skurk
2021-05-26 09:41:48,628 DEBUG hanterare [main] Registrera användare. Personnummer = 48324953
2021-05-26 09:42:10,908 DEBUG hanterare [main] Registrera användare. Roll = 3
2021-05-26 09:42:10,931 INFO hanterare [main] Slut: Registrera användare
2021-05-26 09:53:57,030 INFO hanterare [main] Inlogging i system 
2021-05-26 09:54:11,834 DEBUG hanterare [main] Anvandarnamn = User
2021-05-26 09:54:11,834 INFO hanterare [main] Avslut inloggning i systemet
2021-05-26 09:54:17,339 INFO hanterare [main] Starting
2021-05-26 09:54:57,051 INFO hanterare [main] Inlogging i system 
2021-05-26 09:54:58,827 DEBUG hanterare [main] Anvandarnamn = User
2021-05-26 09:54:58,827 INFO hanterare [main] Avslut inloggning i systemet
2021-05-26 09:55:00,161 INFO hanterare [main] Starting
2021-05-26 09:55:49,898 INFO hanterare [main] Inlogging i system 
2021-05-26 09:55:52,288 DEBUG hanterare [main] Anvandarnamn = User
2021-05-26 09:55:52,288 INFO hanterare [main] Avslut inloggning i systemet
2021-05-26 09:55:52,926 INFO hanterare [main] Starting
2021-05-26 10:07:47,705 INFO hanterare [main] Inlogging i system 
2021-05-26 10:07:50,100 DEBUG hanterare [main] Anvandarnamn = User
2021-05-26 10:07:50,101 INFO hanterare [main] Avslut inloggning i systemet
2021-05-26 10:07:55,753 INFO hanterare [main] Start: Lämna tillbaka bok
2021-05-26 10:07:58,816 DEBUG hanterare [main] Lämnatillbaka bok: Låntagares ID = 3110
2021-05-26 10:08:13,259 INFO hanterare [main] Inlogging i system 
2021-05-26 10:08:15,226 DEBUG hanterare [main] Anvandarnamn = User
2021-05-26 10:08:15,227 INFO hanterare [main] Avslut inloggning i systemet
2021-05-26 10:08:19,812 INFO hanterare [main] Starting
2021-05-26 10:08:24,201 DEBUG hanterare [main] LÅN: Bok-ID = 1153
2021-05-26 10:08:26,726 INFO hanterare [main] Ended
2021-05-26 10:08:49,396 INFO hanterare [main] Start: Registrera användare
2021-05-26 10:08:52,167 DEBUG hanterare [main] Registrera användare. Förnamn = Max
2021-05-26 10:08:53,288 DEBUG hanterare [main] Registrera användare. Efternamn = Björk
2021-05-26 10:08:57,289 DEBUG hanterare [main] Registrera användare. Personnummer = 98223312
2021-05-26 10:08:58,732 DEBUG hanterare [main] Registrera användare. Roll = 1
2021-05-26 10:08:58,756 INFO hanterare [main] Slut: Registrera användare
2021-05-26 10:09:22,568 INFO hanterare [main] Inlogging i system 
2021-05-26 10:09:24,839 DEBUG hanterare [main] Anvandarnamn = User
2021-05-26 10:09:24,840 INFO hanterare [main] Avslut inloggning i systemet
2021-05-26 10:09:26,120 INFO hanterare [main] Starting
2021-05-26 10:09:30,459 DEBUG hanterare [main] LÅN: Bok-ID = 11619
2021-05-26 10:09:32,652 DEBUG hanterare [main] Låntagares ID = 1510
2021-05-26 10:09:32,670 INFO hanterare [main] Ended
2021-05-26 10:09:48,246 INFO hanterare [main] Inlogging i system 
2021-05-26 10:09:50,699 DEBUG hanterare [main] Anvandarnamn = User
2021-05-26 10:09:50,700 INFO hanterare [main] Avslut inloggning i systemet
2021-05-26 10:09:52,082 INFO hanterare [main] Start: Lämna tillbaka bok
2021-05-26 10:09:54,845 DEBUG hanterare [main] Lämnatillbaka bok: Låntagares ID = 1510
2021-05-26 10:09:57,806 DEBUG hanterare [main] Lämnatillbaka bok: Bokens ID = 11619
2021-05-26 10:09:59,501 DEBUG hanterare [main] Lämnatillbaka bok: Antal dagar utlånad = 20
2021-05-26 10:09:59,519 INFO hanterare [main] Slut: Lämna tillbaka bok
2021-05-26 10:12:50,226 INFO hanterare [main] Inlogging i system 
2021-05-26 10:12:52,625 DEBUG hanterare [main] Anvandarnamn = User
2021-05-26 10:12:52,626 INFO hanterare [main] Avslut inloggning i systemet
2021-05-26 10:12:54,184 INFO hanterare [main] Starting
2021-05-26 10:13:01,539 DEBUG hanterare [main] LÅN: Bok-ID = 1153
2021-05-26 10:13:04,829 INFO hanterare [main] Ended
2021-05-26 10:14:01,403 INFO hanterare [main] Inlogging i system 
2021-05-26 10:14:04,556 DEBUG hanterare [main] Anvandarnamn = User
2021-05-26 10:14:04,556 INFO hanterare [main] Avslut inloggning i systemet
2021-05-26 10:14:06,389 INFO hanterare [main] Starting
2021-05-26 10:14:15,251 DEBUG hanterare [main] LÅN: Bok-ID = 9523
2021-05-26 10:14:17,968 DEBUG hanterare [main] Låntagares ID = 1510
2021-05-26 10:14:17,969 ERROR hanterare [main] För många lån
2021-05-26 10:15:09,854 INFO hanterare [main] Inlogging i system 
2021-05-26 10:15:14,019 DEBUG hanterare [main] Anvandarnamn = uSER
2021-05-26 10:15:22,694 INFO hanterare [main] Inlogging i system 
2021-05-26 10:15:27,557 DEBUG hanterare [main] Anvandarnamn = User
2021-05-26 10:15:27,557 INFO hanterare [main] Avslut inloggning i systemet
2021-05-26 10:15:35,035 INFO hanterare [main] Start: Lämna tillbaka bok
2021-05-26 10:15:37,474 DEBUG hanterare [main] Lämnatillbaka bok: Låntagares ID = 1510
2021-05-26 10:15:41,002 DEBUG hanterare [main] Lämnatillbaka bok: Bokens ID = 6321
2021-05-26 10:15:42,271 DEBUG hanterare [main] Lämnatillbaka bok: Antal dagar utlånad = 1
2021-05-26 10:15:42,283 INFO hanterare [main] Slut: Lämna tillbaka bok
2021-05-26 10:26:42,166 INFO hanterare [main] Inlogging i system 
2021-05-26 10:27:10,750 INFO hanterare [main] Inlogging i system 
2021-05-26 10:27:23,841 INFO hanterare [main] Inlogging i system 
2021-05-26 10:29:18,911 INFO hanterare [main] Inlogging i system 
2021-05-26 10:31:20,563 INFO hanterare [main] Inlogging i system 
2021-05-26 10:32:40,940 INFO hanterare [main] Inlogging i system 
2021-05-26 10:33:18,126 INFO hanterare [main] Inlogging i system 
2021-05-26 10:35:22,930 INFO hanterare [main] Inlogging i system 
2021-05-26 10:35:26,469 DEBUG hanterare [main] Anvandarnamn = 1510
2021-05-26 10:35:26,469 INFO hanterare [main] Avslut inloggning i systemet
2021-05-26 10:36:33,966 INFO hanterare [main] Inlogging i system 
2021-05-26 10:36:35,539 DEBUG hanterare [main] Anvandarnamn = 1510
2021-05-26 10:36:35,539 INFO hanterare [main] Avslut inloggning i systemet
